android/app/build/outputs/mapping/release/seeds.txt
com.reactnativegitactions.MainApplication
com.reactnativegitactions.MainActivity
com.reactnativegitactions.MainApplication: MainApplication()
com.reactnativegitactions.MainActivity: MainActivity()
...
com.facebook.react.modules.websocket.WebSocketModule: void close(double,java.lang.String,double)
okhttp3.internal.platform.Android10Platform$Companion: Android10Platform$Companion()
androidx.vectordrawable.graphics.drawable.VectorDrawableCompat$VFullPath: VectorDrawableCompat$VFullPath()
com.facebook.react.uimanager.BaseViewManager: void setResponderStart(android.view.View,boolean)
com.facebook.react.animated.NativeAnimatedModule: void stopListeningToAnimatedNodeValue(double)
com.facebook.react.defaults.DefaultComponentsRegistry: DefaultComponentsRegistry(com.facebook.react.fabric.ComponentFactory)
com.facebook.react.bridge.JavaMethodWrapper$6: java.lang.Object extractArgument(com.facebook.react.bridge.JSInstance,com.facebook.react.bridge.ReadableArray,int)
com.facebook.react.bridge.JsonWriterHelper: void mapValue(android.util.JsonWriter,java.util.Map)
com.facebook.react.uimanager.ViewGroupManager: void addView(android.view.ViewGroup,android.view.View,int)
com.facebook.react.modules.statusbar.StatusBarModule: void setHidden(boolean)
com.facebook.systrace.Systrace$EventScope: com.facebook.systrace.Systrace$EventScope valueOf(java.lang.String)
com.facebook.react.views.textinput.ReactEditText: void setContentSizeWatcher(com.facebook.react.views.textinput.ContentSizeWatcher)
androidx.appcompat.widget.AppCompatTextViewAutoSizeHelper$Impl23: void computeAndSetTextDirection(android.text.StaticLayout$Builder,android.widget.TextView)
com.facebook.yoga.YogaNative: void jni_YGNodeSetStyleInputsJNI(long,float[],int)
com.facebook.react.views.progressbar.ReactProgressBarViewManager: void setColor(com.facebook.react.views.progressbar.ProgressBarContainerView,java.lang.Integer)
com.facebook.react.uimanager.ViewGroupManager: void addViews(android.view.ViewGroup,java.util.List)
com.facebook.react.bridge.BaseActivityEventListener: void onActivityResult(android.app.Activity,int,int,android.content.Intent)
com.facebook.react.views.image.ReactImageView: void setResizeMethod(com.facebook.react.views.image.ImageResizeMethod)
androidx.lifecycle.ReportFragment$LifecycleCallbacks: void onActivityResumed(android.app.Activity)
androidx.appcompat.widget.ActionBarOverlayLayout: void setHasNonEmbeddedTabs(boolean)
com.facebook.react.bridge.RetryableMountingLayerException: RetryableMountingLayerException(java.lang.Throwable)
androidx.appcompat.widget.AppCompatCheckedTextView: void setCheckMarkDrawable(android.graphics.drawable.Drawable)
androidx.appcompat.widget.AppCompatAutoCompleteTextView: android.view.ActionMode$Callback getCustomSelectionActionModeCallback()
androidx.appcompat.widget.ActionBarOverlayLayout: void setLogo(int)
com.facebook.react.views.scroll.ReactHorizontalScrollViewManager: void setSnapToStart(com.facebook.react.views.scroll.ReactHorizontalScrollView,boolean)
com.facebook.react.views.modal.ReactModalHostManager: void setStatusBarTranslucent(com.facebook.react.views.modal.ReactModalHostView,boolean)
androidx.appcompat.widget.AppCompatImageButton: android.graphics.PorterDuff$Mode getSupportImageTintMode()
com.facebook.react.views.scroll.ReactScrollViewManager: void setPagingEnabled(com.facebook.react.views.scroll.ReactScrollView,boolean)
com.facebook.react.views.view.ReactViewGroup: void setOpacityIfPossible(float)
androidx.appcompat.widget.SearchView: void setSuggestionsAdapter(androidx.cursoradapter.widget.CursorAdapter)
com.facebook.react.views.scroll.ReactHorizontalScrollViewManager: void receiveCommand(com.facebook.react.views.scroll.ReactHorizontalScrollView,java.lang.String,com.facebook.react.bridge.ReadableArray)
com.facebook.react.bridge.Arguments: java.util.ArrayList toList(com.facebook.react.bridge.ReadableArray)
androidx.core.widget.NestedScrollView: void setFillViewport(boolean)
com.facebook.react.fabric.FabricUIManager: void profileNextBatch()
com.facebook.react.bridge.CatalystInstanceImpl$3: CatalystInstanceImpl$3(com.facebook.react.bridge.CatalystInstanceImpl)