android/app/build/outputs/mapping/release/mapping.txt
# compiler: R8
# compiler_version: 3.3.83
# min_api: 21
# common_typos_disable
# {"id":"com.android.tools.r8.mapping","version":"2.0"}
# pg_map_id: 146d1f1
# pg_map_hash: SHA-256 146d1f181cf0f6b3b34bfc4eb04402f32972e4b91aafd3454cac64af865e569a
com.reactnativegitactions.MainActivity -> com.reactnativegitactions.MainActivity:
    com.facebook.react.ReactActivityDelegate createReactActivityDelegate() -> M
    java.lang.String getMainComponentName() -> N
com.reactnativegitactions.MainApplication -> com.reactnativegitactions.MainApplication:
    com.facebook.react.ReactNativeHost mReactNativeHost -> c
    com.facebook.react.ReactNativeHost getReactNativeHost() -> a
com.reactnativegitactions.MainApplication$1 -> com.reactnativegitactions.MainApplication$a:
    com.reactnativegitactions.MainApplication this$0 -> c
    java.lang.String getJSMainModuleName() -> f
    java.util.List getPackages() -> i
    boolean getUseDeveloperSupport() -> o
    boolean isNewArchEnabled() -> q
com.reactnativegitactions.ReactNativeFlipper -> b4.a:
    void initializeFlipper(android.content.Context,com.facebook.react.ReactInstanceManager) -> a
...
com.facebook.react.views.textinput.ReactTextInputManager$ReactTextInputTextWatcher -> com.facebook.react.views.textinput.ReactTextInputManager$h:
    java.lang.String mPreviousText -> f
    com.facebook.react.views.textinput.ReactTextInputManager this$0 -> g
    com.facebook.react.views.textinput.ReactEditText mEditText -> c
    com.facebook.react.uimanager.events.EventDispatcher mEventDispatcher -> d
    int mSurfaceId -> e
    com.facebook.react.views.textinput.ReactEditText access$100(com.facebook.react.views.textinput.ReactTextInputManager$ReactTextInputTextWatcher) -> a
com.facebook.react.views.textinput.ReactTextInputManager$ReactTextInputTextWatcher$1 -> com.facebook.react.views.textinput.ReactTextInputManager$h$a:
    com.facebook.react.views.textinput.ReactTextInputManager$ReactTextInputTextWatcher this$1 -> a
    com.facebook.react.bridge.WritableMap getStateUpdate() -> a
com.facebook.react.views.textinput.ReactTextInputSelectionEvent -> com.facebook.react.views.textinput.n:
    int mSelectionEnd -> j
    int mSelectionStart -> i
    com.facebook.react.bridge.WritableMap getEventData() -> i
    java.lang.String getEventName() -> j
com.facebook.react.views.textinput.ReactTextInputShadowNode -> com.facebook.react.views.textinput.o:
    int mMostRecentEventCount -> b0
    java.lang.String mPlaceholder -> f0
    int mSelectionEnd -> h0
    java.lang.String mText -> e0
    int mSelectionStart -> g0
    android.widget.EditText mInternalEditText -> c0
    com.facebook.react.views.textinput.ReactTextInputLocalData mLocalData -> d0
    long measure(com.facebook.yoga.YogaNode,float,com.facebook.yoga.YogaMeasureMode,float,com.facebook.yoga.YogaMeasureMode) -> J
    void setPadding(int,float) -> V0
    void setThemedContext(com.facebook.react.uimanager.ThemedReactContext) -> a0
    void setLocalData(java.lang.Object) -> k
    android.widget.EditText createInternalEditText() -> s1
    java.lang.String getPlaceholder() -> t1
    boolean isVirtualAnchor() -> u0
    java.lang.String getText() -> u1
    boolean isYogaLeafNode() -> v0
    void initMeasureFunction() -> v1
    void onCollectExtraUpdates(com.facebook.react.uimanager.UIViewOperationQueue) -> z0
com.facebook.react.views.textinput.ReactTextInputSubmitEditingEvent -> com.facebook.react.views.textinput.p:
    java.lang.String mText -> i
    boolean canCoalesce() -> a
    com.facebook.react.bridge.WritableMap getEventData() -> i
    java.lang.String getEventName() -> j
com.facebook.react.views.textinput.ScrollWatcher -> com.facebook.react.views.textinput.q:
    void onScrollChanged(int,int,int,int) -> a
com.facebook.react.views.textinput.SelectionWatcher -> com.facebook.react.views.textinput.r:
    void onSelectionChanged(int,int) -> a
com.facebook.react.views.unimplementedview.ReactUnimplementedView -> com.facebook.react.views.unimplementedview.a:
    androidx.appcompat.widget.AppCompatTextView mTextView -> c
com.facebook.react.views.view.CanvasUtil -> com.facebook.react.views.view.c:
    java.lang.reflect.Method mReorderBarrierMethod -> a
    boolean mOrderMethodsFetched -> c
    java.lang.reflect.Method mInorderBarrierMethod -> b
    void enableZ(android.graphics.Canvas,boolean) -> a
    void fetchOrderMethods() -> b
com.facebook.react.views.view.CanvasUtil$$ExternalSyntheticApiModelOutline0 -> com.facebook.react.views.view.a:
# {"id":"sourceFile","fileName":"R8$$SyntheticClass"}
# {"id":"com.android.tools.r8.synthesized"}
    void com.facebook.react.views.view.CanvasUtil$$InternalSyntheticApiModelOutline$1$fdd041dcd62ce84e0df08da3b4b54597a395f6f59015d57d9700b2e9b531831d$0.m(android.graphics.Canvas) -> a
      # {"id":"com.android.tools.r8.synthesized"}