android/app/build/outputs/mapping/release/usage.txt
com.reactnativegitactions.BuildConfig
com.reactnativegitactions.MainApplication$1:
    protected java.lang.Boolean isHermesEnabled()
com.reactnativegitactions.R$anim
com.reactnativegitactions.R$animator
com.reactnativegitactions.R$attr
com.reactnativegitactions.R$bool
com.reactnativegitactions.R$color
com.reactnativegitactions.R$dimen
com.reactnativegitactions.R$drawable
com.reactnativegitactions.R$id
com.reactnativegitactions.R$integer
com.reactnativegitactions.R$interpolator
com.reactnativegitactions.R$layout
com.reactnativegitactions.R$menu
com.reactnativegitactions.R$mipmap
com.reactnativegitactions.R$string
com.reactnativegitactions.R$style
com.reactnativegitactions.R$styleable
com.reactnativegitactions.R$xml
com.reactnativegitactions.R
com.reactnativegitactions.ReactNativeFlipper:
    public void <init>()
...
com.facebook.imagepipeline.common.TooManyBitmapsException:
    public void <init>()
com.facebook.imagepipeline.core.DefaultExecutorSupplier:
    private static final int NUM_IO_BOUND_THREADS
    private static final int NUM_LIGHTWEIGHT_BACKGROUND_THREADS
com.facebook.imagepipeline.core.ImagePipeline$1
com.facebook.imagepipeline.core.ImagePipeline$2
com.facebook.imagepipeline.core.ImagePipeline$3
com.facebook.imagepipeline.core.ImagePipeline$4
com.facebook.imagepipeline.core.ImagePipeline$6
com.facebook.imagepipeline.core.ImagePipeline$7
com.facebook.imagepipeline.core.ImagePipeline:
    static synthetic com.facebook.imagepipeline.cache.BufferedDiskCache access$000(com.facebook.imagepipeline.core.ImagePipeline)
    public void evictFromCache(android.net.Uri)
    public void evictFromDiskCache(android.net.Uri)
    public void evictFromDiskCache(com.facebook.imagepipeline.request.ImageRequest)
    public void evictFromMemoryCache(android.net.Uri)
    public com.facebook.datasource.DataSource fetchDecodedImage(com.facebook.imagepipeline.request.ImageRequest,java.lang.Object,com.facebook.imagepipeline.listener.RequestListener)
    public com.facebook.datasource.DataSource fetchEncodedImage(com.facebook.imagepipeline.request.ImageRequest,java.lang.Object)
    public com.facebook.datasource.DataSource fetchEncodedImage(com.facebook.imagepipeline.request.ImageRequest,java.lang.Object,com.facebook.imagepipeline.listener.RequestListener)
    public com.facebook.datasource.DataSource fetchImageFromBitmapCache(com.facebook.imagepipeline.request.ImageRequest,java.lang.Object)
    public com.facebook.cache.common.CacheKey getCacheKey(com.facebook.imagepipeline.request.ImageRequest,java.lang.Object)
    public com.facebook.common.references.CloseableReference getCachedImage(com.facebook.cache.common.CacheKey)
    public com.facebook.imagepipeline.listener.RequestListener getCombinedRequestListener(com.facebook.imagepipeline.listener.RequestListener)
com.facebook.imagepipeline.core.ImagePipelineConfig$Builder:
    public com.facebook.imagepipeline.core.ImagePipelineExperiments$Builder experiment()
    public com.facebook.imagepipeline.cache.BitmapMemoryCacheFactory getBitmapMemoryCacheFactory()
    public java.lang.Integer getImageTranscoderType()
    public java.lang.Integer getMemoryChunkType()
    public boolean isDiskCacheEnabled()
    public boolean isDownsampleEnabled()
    public com.facebook.imagepipeline.core.ImagePipelineConfig$Builder setBitmapMemoryCache(com.facebook.imagepipeline.cache.MemoryCache)
    public com.facebook.imagepipeline.core.ImagePipelineConfig$Builder setBitmapMemoryCacheEntryStateObserver(com.facebook.imagepipeline.cache.CountingMemoryCache$EntryStateObserver)
    public com.facebook.imagepipeline.core.ImagePipelineConfig$Builder setBitmapMemoryCacheFactory(com.facebook.imagepipeline.cache.BitmapMemoryCacheFactory)
    public com.facebook.imagepipeline.core.ImagePipelineConfig$Builder setBitmapMemoryCacheParamsSupplier(com.facebook.common.internal.Supplier)
    public com.facebook.imagepipeline.core.ImagePipelineConfig$Builder setBitmapMemoryCacheTrimStrategy(com.facebook.imagepipeline.cache.MemoryCache$CacheTrimStrategy)
    public com.facebook.imagepipeline.core.ImagePipelineConfig$Builder setBitmapsConfig(android.graphics.Bitmap$Config)
    public com.facebook.imagepipeline.core.ImagePipelineConfig$Builder setCacheKeyFactory(com.facebook.imagepipeline.cache.CacheKeyFactory)
com.facebook.imagepipeline.core.ImagePipelineConfig$DefaultImageRequestConfig:
    public void setProgressiveRenderingEnabled(boolean)
com.facebook.imagepipeline.core.ImagePipelineConfig:
    public com.facebook.imagepipeline.cache.MemoryCache getBitmapCacheOverride()
    public android.graphics.Bitmap$Config getBitmapConfig()
    public com.facebook.imagepipeline.bitmaps.PlatformBitmapFactory getPlatformBitmapFactory()
    static void resetDefaultRequestConfig()